May 02, 2017 2:16:07 PM edu.eci.labinfo.estadisticasv2.logs.Log anotar
SEVERE: java.io.FileNotFoundException: /home/local/LABINFO/monitor/Estadisticas20171/applicationconfigreservas.properties (No such file or directory)
java.io.FileNotFoundException: /home/local/LABINFO/monitor/Estadisticas20171/applicationconfigreservas.properties (No such file or directory)
	at java.io.FileInputStream.open0(Native Method)
	at java.io.FileInputStream.open(FileInputStream.java:195)
	at java.io.FileInputStream.<init>(FileInputStream.java:138)
	at edu.eci.labinfo.estadisticasv2.conexion.ReservasConexion.connection(ReservasConexion.java:39)
	at EstadisticasVisual.main(EstadisticasVisual.java:33)

May 02, 2017 2:16:07 PM edu.eci.labinfo.estadisticasv2.logs.Log anotar
SEVERE: java.sql.SQLException: No suitable driver found for 
java.sql.SQLException: No suitable driver found for 
	at java.sql.DriverManager.getConnection(DriverManager.java:689)
	at java.sql.DriverManager.getConnection(DriverManager.java:247)
	at edu.eci.labinfo.estadisticasv2.conexion.ReservasConexion.connection(ReservasConexion.java:58)
	at EstadisticasVisual.main(EstadisticasVisual.java:33)

May 02, 2017 2:20:31 PM edu.eci.labinfo.estadisticasv2.logs.Log anotar
SEVERE: java.io.FileNotFoundException: applicationconfigreservas.properties (No such file or directory)
java.io.FileNotFoundException: applicationconfigreservas.properties (No such file or directory)
	at java.io.FileInputStream.open0(Native Method)
	at java.io.FileInputStream.open(FileInputStream.java:195)
	at java.io.FileInputStream.<init>(FileInputStream.java:138)
	at edu.eci.labinfo.estadisticasv2.conexion.ReservasConexion.connection(ReservasConexion.java:39)
	at EstadisticasVisual.main(EstadisticasVisual.java:33)

May 02, 2017 2:20:31 PM edu.eci.labinfo.estadisticasv2.logs.Log anotar
SEVERE: java.sql.SQLException: No suitable driver found for 
java.sql.SQLException: No suitable driver found for 
	at java.sql.DriverManager.getConnection(DriverManager.java:689)
	at java.sql.DriverManager.getConnection(DriverManager.java:247)
	at edu.eci.labinfo.estadisticasv2.conexion.ReservasConexion.connection(ReservasConexion.java:58)
	at EstadisticasVisual.main(EstadisticasVisual.java:33)

May 02, 2017 2:24:26 PM edu.eci.labinfo.estadisticasv2.logs.Log anotar
SEVERE: java.sql.SQLException: Before start of result set
java.sql.SQLException: Before start of result set
	at com.mysql.jdbc.SQLError.createSQLException(SQLError.java:964)
	at com.mysql.jdbc.SQLError.createSQLException(SQLError.java:897)
	at com.mysql.jdbc.SQLError.createSQLException(SQLError.java:886)
	at com.mysql.jdbc.SQLError.createSQLException(SQLError.java:860)
	at com.mysql.jdbc.ResultSetImpl.checkRowPos(ResultSetImpl.java:790)
	at com.mysql.jdbc.ResultSetImpl.getShort(ResultSetImpl.java:4971)
	at com.mysql.jdbc.ResultSetImpl.getShort(ResultSetImpl.java:5072)
	at EstadisticasVisual.main(EstadisticasVisual.java:37)

May 02, 2017 2:24:49 PM edu.eci.labinfo.estadisticasv2.logs.Log anotar
SEVERE: java.sql.SQLException: Before start of result set
java.sql.SQLException: Before start of result set
	at com.mysql.jdbc.SQLError.createSQLException(SQLError.java:964)
	at com.mysql.jdbc.SQLError.createSQLException(SQLError.java:897)
	at com.mysql.jdbc.SQLError.createSQLException(SQLError.java:886)
	at com.mysql.jdbc.SQLError.createSQLException(SQLError.java:860)
	at com.mysql.jdbc.ResultSetImpl.checkRowPos(ResultSetImpl.java:790)
	at com.mysql.jdbc.ResultSetImpl.getStringInternal(ResultSetImpl.java:5228)
	at com.mysql.jdbc.ResultSetImpl.getString(ResultSetImpl.java:5151)
	at com.mysql.jdbc.ResultSetImpl.getString(ResultSetImpl.java:5190)
	at EstadisticasVisual.main(EstadisticasVisual.java:37)

May 02, 2017 2:26:19 PM edu.eci.labinfo.estadisticasv2.logs.Log anotar
SEVERE: java.sql.SQLException: Before start of result set
java.sql.SQLException: Before start of result set
	at com.mysql.jdbc.SQLError.createSQLException(SQLError.java:964)
	at com.mysql.jdbc.SQLError.createSQLException(SQLError.java:897)
	at com.mysql.jdbc.SQLError.createSQLException(SQLError.java:886)
	at com.mysql.jdbc.SQLError.createSQLException(SQLError.java:860)
	at com.mysql.jdbc.ResultSetImpl.checkRowPos(ResultSetImpl.java:790)
	at com.mysql.jdbc.ResultSetImpl.getStringInternal(ResultSetImpl.java:5228)
	at com.mysql.jdbc.ResultSetImpl.getString(ResultSetImpl.java:5151)
	at EstadisticasVisual.main(EstadisticasVisual.java:37)

May 02, 2017 2:27:34 PM edu.eci.labinfo.estadisticasv2.logs.Log anotar
SEVERE: java.sql.SQLException: Before start of result set
java.sql.SQLException: Before start of result set
	at com.mysql.jdbc.SQLError.createSQLException(SQLError.java:964)
	at com.mysql.jdbc.SQLError.createSQLException(SQLError.java:897)
	at com.mysql.jdbc.SQLError.createSQLException(SQLError.java:886)
	at com.mysql.jdbc.SQLError.createSQLException(SQLError.java:860)
	at com.mysql.jdbc.ResultSetImpl.checkRowPos(ResultSetImpl.java:790)
	at com.mysql.jdbc.ResultSetImpl.getStringInternal(ResultSetImpl.java:5228)
	at com.mysql.jdbc.ResultSetImpl.getString(ResultSetImpl.java:5151)
	at EstadisticasVisual.main(EstadisticasVisual.java:37)

May 02, 2017 2:27:48 PM edu.eci.labinfo.estadisticasv2.logs.Log anotar
SEVERE: java.sql.SQLException: Before start of result set
java.sql.SQLException: Before start of result set
	at com.mysql.jdbc.SQLError.createSQLException(SQLError.java:964)
	at com.mysql.jdbc.SQLError.createSQLException(SQLError.java:897)
	at com.mysql.jdbc.SQLError.createSQLException(SQLError.java:886)
	at com.mysql.jdbc.SQLError.createSQLException(SQLError.java:860)
	at com.mysql.jdbc.ResultSetImpl.checkRowPos(ResultSetImpl.java:790)
	at com.mysql.jdbc.ResultSetImpl.getStringInternal(ResultSetImpl.java:5228)
	at com.mysql.jdbc.ResultSetImpl.getString(ResultSetImpl.java:5151)
	at com.mysql.jdbc.ResultSetImpl.getString(ResultSetImpl.java:5190)
	at EstadisticasVisual.main(EstadisticasVisual.java:37)

May 02, 2017 2:28:06 PM edu.eci.labinfo.estadisticasv2.logs.Log anotar
SEVERE: java.sql.SQLException: Before start of result set
java.sql.SQLException: Before start of result set
	at com.mysql.jdbc.SQLError.createSQLException(SQLError.java:964)
	at com.mysql.jdbc.SQLError.createSQLException(SQLError.java:897)
	at com.mysql.jdbc.SQLError.createSQLException(SQLError.java:886)
	at com.mysql.jdbc.SQLError.createSQLException(SQLError.java:860)
	at com.mysql.jdbc.ResultSetImpl.checkRowPos(ResultSetImpl.java:790)
	at com.mysql.jdbc.ResultSetImpl.getStringInternal(ResultSetImpl.java:5228)
	at com.mysql.jdbc.ResultSetImpl.getString(ResultSetImpl.java:5151)
	at EstadisticasVisual.main(EstadisticasVisual.java:37)

May 02, 2017 2:28:35 PM edu.eci.labinfo.estadisticasv2.logs.Log anotar
SEVERE: java.sql.SQLException: Column Index out of range, 0 < 1.
java.sql.SQLException: Column Index out of range, 0 < 1.
	at com.mysql.jdbc.SQLError.createSQLException(SQLError.java:964)
	at com.mysql.jdbc.SQLError.createSQLException(SQLError.java:897)
	at com.mysql.jdbc.SQLError.createSQLException(SQLError.java:886)
	at com.mysql.jdbc.SQLError.createSQLException(SQLError.java:860)
	at com.mysql.jdbc.ResultSetImpl.checkColumnBounds(ResultSetImpl.java:762)
	at com.mysql.jdbc.ResultSetImpl.getStringInternal(ResultSetImpl.java:5229)
	at com.mysql.jdbc.ResultSetImpl.getString(ResultSetImpl.java:5151)
	at EstadisticasVisual.main(EstadisticasVisual.java:38)

